<?xml version="1.0" encoding="UTF-8"?>
<!-- Generated by org.testng.reporters.JUnitReportReporter -->
<testsuite hostname="DESKTOP-P62HFLH" failures="0" tests="1" name="com.ShopperStack_testScripts.Verify_user_is_able_to_delete_address_Test" time="18.957" errors="0" timestamp="2024-04-23T11:12:13 IST" skipped="0">
  <testcase classname="com.ShopperStack_testScripts.Verify_user_is_able_to_delete_address_Test" name="addAddress" time="18.957"/>
  <system-out/>
</testsuite> <!-- com.ShopperStack_testScripts.Verify_user_is_able_to_delete_address_Test -->
